<?xml version="1.0" encoding="UTF-8"?>
<!-- Generated by org.testng.reporters.JUnitReportReporter -->
<testsuite hostname="DESKTOP-Q94TUNC" failures="0" tests="1" name="pomProjectTAEAcademy.Test.PurchaseProductTest" time="0.766" errors="0" timestamp="2024-01-03T14:22:37 ECT" skipped="0">
  <testcase classname="pomProjectTAEAcademy.Test.PurchaseProductTest" name="testPurchase" time="0.766"/>
  <system-out/>
</testsuite> <!-- pomProjectTAEAcademy.Test.PurchaseProductTest -->
