<?xml version="1.0" encoding="UTF-8"?>
<!-- Generated by org.testng.reporters.JUnitReportReporter -->
<testsuite hostname="DESKTOP-Q94TUNC" failures="0" tests="1" name="pomProjectTAEAcademy.Test.LogoutTest" time="0.849" errors="0" timestamp="2024-01-03T14:22:37 ECT" skipped="0">
  <testcase classname="pomProjectTAEAcademy.Test.LogoutTest" name="logoutTest" time="0.849"/>
  <system-out/>
</testsuite> <!-- pomProjectTAEAcademy.Test.LogoutTest -->
